============================= test session starts ==============================
platform linux -- Python 3.12.3, pytest-9.0.2, pluggy-1.6.0 -- /home/kevin/Projects/e-commerce/backend/services/auth-service/venv/bin/python
cachedir: .pytest_cache
rootdir: /home/kevin/Projects/e-commerce/backend/services/auth-service
configfile: pytest.ini
plugins: anyio-4.12.1, asyncio-1.3.0
asyncio: mode=Mode.AUTO, debug=False, asyncio_default_fixture_loop_scope=None, asyncio_default_test_loop_scope=function
collecting ... collected 9 items

tests/test_auth.py::TestHealthEndpoints::test_health_check PASSED        [ 11%]
tests/test_auth.py::TestHealthEndpoints::test_root PASSED                [ 22%]
tests/test_auth.py::TestAuthRegistration::test_register_success PASSED   [ 33%]
tests/test_auth.py::TestAuthRegistration::test_register_duplicate_email PASSED [ 44%]
tests/test_auth.py::TestAuthRegistration::test_register_short_password PASSED [ 55%]
tests/test_auth.py::TestAuthLogin::test_login_success PASSED             [ 66%]
tests/test_auth.py::TestAuthLogin::test_login_wrong_password PASSED      [ 77%]
tests/test_auth.py::TestAuthMe::test_get_me_authenticated PASSED         [ 88%]
tests/test_auth.py::TestAuthMe::test_get_me_unauthenticated PASSED       [100%]

=============================== warnings summary ===============================
tests/test_auth.py::TestHealthEndpoints::test_health_check
  /home/kevin/Projects/e-commerce/backend/services/auth-service/venv/lib/python3.12/site-packages/passlib/utils/__init__.py:854: DeprecationWarning: 'crypt' is deprecated and slated for removal in Python 3.13
    from crypt import crypt as _crypt

tests/test_auth.py::TestHealthEndpoints::test_health_check
  /home/kevin/Projects/e-commerce/backend/services/auth-service/venv/lib/python3.12/site-packages/pydantic/_internal/_config.py:271: PydanticDeprecatedSince20: Support for class-based `config` is deprecated, use ConfigDict instead. Deprecated in Pydantic V2.0 to be removed in V3.0. See Pydantic V2 Migration Guide at https://errors.pydantic.dev/2.5/migration/
    warnings.warn(DEPRECATION_MESSAGE, DeprecationWarning)

tests/test_auth.py: 12 warnings
  /home/kevin/Projects/e-commerce/backend/services/auth-service/venv/lib/python3.12/site-packages/sqlalchemy/sql/schema.py:3593: DeprecationWarning: datetime.datetime.utcnow() is deprecated and scheduled for removal in a future version. Use timezone-aware objects to represent datetimes in UTC: datetime.datetime.now(datetime.UTC).
    return util.wrap_callable(lambda ctx: fn(), fn)  # type: ignore

tests/test_auth.py::TestAuthLogin::test_login_success
tests/test_auth.py::TestAuthMe::test_get_me_authenticated
  /home/kevin/Projects/e-commerce/backend/services/auth-service/internal/utils/jwt.py:28: DeprecationWarning: datetime.datetime.utcnow() is deprecated and scheduled for removal in a future version. Use timezone-aware objects to represent datetimes in UTC: datetime.datetime.now(datetime.UTC).
    expire = datetime.utcnow() + (expires_delta or timedelta(minutes=ACCESS_TOKEN_EXPIRE_MINUTES))

tests/test_auth.py::TestAuthLogin::test_login_success
tests/test_auth.py::TestAuthMe::test_get_me_authenticated
  /home/kevin/Projects/e-commerce/backend/services/auth-service/internal/utils/jwt.py:36: DeprecationWarning: datetime.datetime.utcnow() is deprecated and scheduled for removal in a future version. Use timezone-aware objects to represent datetimes in UTC: datetime.datetime.now(datetime.UTC).
    expire = datetime.utcnow() + (expires_delta or timedelta(days=REFRESH_TOKEN_EXPIRE_DAYS))

tests/test_auth.py::TestAuthLogin::test_login_success
tests/test_auth.py::TestAuthMe::test_get_me_authenticated
  /home/kevin/Projects/e-commerce/backend/services/auth-service/internal/service/auth_service.py:98: DeprecationWarning: datetime.datetime.utcnow() is deprecated and scheduled for removal in a future version. Use timezone-aware objects to represent datetimes in UTC: datetime.datetime.now(datetime.UTC).
    expires_at=datetime.utcnow() + timedelta(days=REFRESH_TOKEN_EXPIRE_DAYS),

tests/test_auth.py::TestAuthMe::test_get_me_authenticated
  /home/kevin/Projects/e-commerce/backend/services/auth-service/venv/lib/python3.12/site-packages/jose/jwt.py:311: DeprecationWarning: datetime.datetime.utcnow() is deprecated and scheduled for removal in a future version. Use timezone-aware objects to represent datetimes in UTC: datetime.datetime.now(datetime.UTC).
    now = timegm(datetime.utcnow().utctimetuple())

-- Docs: https://docs.pytest.org/en/stable/how-to/capture-warnings.html
======================== 9 passed, 21 warnings in 8.61s ========================
